2025-01-08 16:49:44,178 [Worker-1: Loading available Gradle versions] INFO  o.e.b.c.i.u.g.PublishedGradleVersions - Gradle version information cache is up-to-date. Trying to read.
2025-01-08 16:52:38,522 [Worker-13: Creating project "clarity"] INFO  o.e.m.c.i.l.LifecycleMappingFactory - Using org.eclipse.m2e.jdt.JarLifecycleMapping lifecycle mapping for MavenProject: clarity:clarity:0.0.1-SNAPSHOT @ C:\Clarity_Updated_withURL\clarity\pom.xml.
2025-01-08 16:52:40,741 [Worker-13: Creating project "clarity"] INFO  o.e.m.j.i.AbstractJavaProjectConfigurator - Adding source folder /clarity/src/main/java
2025-01-08 16:52:40,745 [Worker-13: Creating project "clarity"] INFO  o.e.m.j.i.AbstractJavaProjectConfigurator - Adding resource folder /clarity/src/main/resources
2025-01-08 16:52:40,746 [Worker-13: Creating project "clarity"] INFO  o.e.m.j.i.AbstractJavaProjectConfigurator - Adding source folder /clarity/src/test/java
2025-01-08 16:52:40,747 [Worker-13: Creating project "clarity"] INFO  o.e.m.j.i.AbstractJavaProjectConfigurator - Adding resource folder /clarity/src/test/resources
2025-01-08 16:52:41,710 [Worker-13: Building] WARN  o.a.m.s.f.DefaultMavenResourcesFiltering - Using platform encoding (UTF-8 actually) to copy filtered resources, i.e. build is platform dependent!
2025-01-08 16:52:41,720 [Worker-13: Building] INFO  o.a.m.s.f.DefaultMavenResourcesFiltering - Copying 0 resource from src\main\resources to target\classes
2025-01-08 16:52:41,728 [Worker-13: Building] WARN  o.a.m.s.f.DefaultMavenResourcesFiltering - Using platform encoding (UTF-8 actually) to copy filtered resources, i.e. build is platform dependent!
2025-01-08 16:52:41,731 [Worker-13: Building] INFO  o.a.m.s.f.DefaultMavenResourcesFiltering - Copying 0 resource from src\test\resources to target\test-classes
2025-01-08 16:53:34,570 [Worker-22: Creating project "purple_health"] INFO  o.e.m.c.i.l.LifecycleMappingFactory - Using org.eclipse.m2e.jdt.JarLifecycleMapping lifecycle mapping for MavenProject: purple_health:purple_health:0.0.1-SNAPSHOT @ C:\Clarity\pom.xml.
2025-01-08 16:53:34,660 [Worker-22: Creating project "purple_health"] INFO  o.e.m.j.i.AbstractJavaProjectConfigurator - Adding source folder /purple_health/src/main/java
2025-01-08 16:53:34,660 [Worker-22: Creating project "purple_health"] INFO  o.e.m.j.i.AbstractJavaProjectConfigurator - Adding resource folder /purple_health/src/main/resources
2025-01-08 16:53:34,661 [Worker-22: Creating project "purple_health"] INFO  o.e.m.j.i.AbstractJavaProjectConfigurator - Adding source folder /purple_health/src/test/java
2025-01-08 16:53:34,661 [Worker-22: Creating project "purple_health"] INFO  o.e.m.j.i.AbstractJavaProjectConfigurator - Adding resource folder /purple_health/src/test/resources
2025-01-08 16:53:34,922 [Worker-12: Building] WARN  o.a.m.s.f.DefaultMavenResourcesFiltering - Using platform encoding (UTF-8 actually) to copy filtered resources, i.e. build is platform dependent!
2025-01-08 16:53:34,924 [Worker-12: Building] INFO  o.a.m.s.f.DefaultMavenResourcesFiltering - Copying 0 resource from src\main\resources to target\classes
2025-01-08 16:53:34,928 [Worker-12: Building] WARN  o.a.m.s.f.DefaultMavenResourcesFiltering - Using platform encoding (UTF-8 actually) to copy filtered resources, i.e. build is platform dependent!
2025-01-08 16:53:34,931 [Worker-12: Building] INFO  o.a.m.s.f.DefaultMavenResourcesFiltering - Copying 0 resource from src\test\resources to target\test-classes
2025-01-08 16:54:19,573 [Worker-19: Loading available Gradle versions] INFO  o.e.b.c.i.u.g.PublishedGradleVersions - Gradle version information cache is up-to-date. Trying to read.
